0 info it worked if it ends with ok
1 verbose cli [ '/Users/cgibbons/rd/.virtualenvs/rd-front-end/bin/node',
1 verbose cli   '/Users/cgibbons/rd/.virtualenvs/rd-front-end/bin/npm',
1 verbose cli   'run',
1 verbose cli   'commit' ]
2 info using npm@4.1.2
3 info using node@v7.7.4
4 verbose run-script [ 'precommit', 'commit', 'postcommit' ]
5 info lifecycle starwars-names@0.0.0-semantically-released~precommit: starwars-names@0.0.0-semantically-released
6 verbose lifecycle starwars-names@0.0.0-semantically-released~precommit: unsafe-perm in lifecycle true
7 verbose lifecycle starwars-names@0.0.0-semantically-released~precommit: PATH: /Users/cgibbons/rd/.virtualenvs/rd-front-end/lib/node_modules/npm/bin/node-gyp-bin:/Users/cgibbons/rd/starwars-names/node_modules/.bin:/Users/cgibbons/rd/.virtualenvs/rd-front-end/lib/node_modules/.bin:/Users/cgibbons/rd/.virtualenvs/rd-front-end/bin:/Users/cgibbons/rd/.virtualenvs/rd-front-end/bin:/Library/Frameworks/Python.framework/Versions/2.7/bin:/usr/local/bin:/usr/bin:/bin:/usr/sbin:/sbin:/opt/X11/bin:/Users/cgibbons/n/bin
8 verbose lifecycle starwars-names@0.0.0-semantically-released~precommit: CWD: /Users/cgibbons/rd/starwars-names
9 silly lifecycle starwars-names@0.0.0-semantically-released~precommit: Args: [ '-c', 'npm run validate' ]
10 silly lifecycle starwars-names@0.0.0-semantically-released~precommit: Returned: code: 0  signal: null
11 info lifecycle starwars-names@0.0.0-semantically-released~commit: starwars-names@0.0.0-semantically-released
12 verbose lifecycle starwars-names@0.0.0-semantically-released~commit: unsafe-perm in lifecycle true
13 verbose lifecycle starwars-names@0.0.0-semantically-released~commit: PATH: /Users/cgibbons/rd/.virtualenvs/rd-front-end/lib/node_modules/npm/bin/node-gyp-bin:/Users/cgibbons/rd/starwars-names/node_modules/.bin:/Users/cgibbons/rd/.virtualenvs/rd-front-end/lib/node_modules/.bin:/Users/cgibbons/rd/.virtualenvs/rd-front-end/bin:/Users/cgibbons/rd/.virtualenvs/rd-front-end/bin:/Library/Frameworks/Python.framework/Versions/2.7/bin:/usr/local/bin:/usr/bin:/bin:/usr/sbin:/sbin:/opt/X11/bin:/Users/cgibbons/n/bin
14 verbose lifecycle starwars-names@0.0.0-semantically-released~commit: CWD: /Users/cgibbons/rd/starwars-names
15 silly lifecycle starwars-names@0.0.0-semantically-released~commit: Args: [ '-c', 'git-cz' ]
16 silly lifecycle starwars-names@0.0.0-semantically-released~commit: Returned: code: 1  signal: null
17 info lifecycle starwars-names@0.0.0-semantically-released~commit: Failed to exec commit script
18 verbose stack Error: starwars-names@0.0.0-semantically-released commit: `git-cz`
18 verbose stack Exit status 1
18 verbose stack     at EventEmitter.<anonymous> (/Users/cgibbons/rd/.virtualenvs/rd-front-end/lib/node_modules/npm/lib/utils/lifecycle.js:279:16)
18 verbose stack     at emitTwo (events.js:106:13)
18 verbose stack     at EventEmitter.emit (events.js:194:7)
18 verbose stack     at ChildProcess.<anonymous> (/Users/cgibbons/rd/.virtualenvs/rd-front-end/lib/node_modules/npm/lib/utils/spawn.js:40:14)
18 verbose stack     at emitTwo (events.js:106:13)
18 verbose stack     at ChildProcess.emit (events.js:194:7)
18 verbose stack     at maybeClose (internal/child_process.js:899:16)
18 verbose stack     at Process.ChildProcess._handle.onexit (internal/child_process.js:226:5)
19 verbose pkgid starwars-names@0.0.0-semantically-released
20 verbose cwd /Users/cgibbons/rd/starwars-names
21 error Darwin 14.5.0
22 error argv "/Users/cgibbons/rd/.virtualenvs/rd-front-end/bin/node" "/Users/cgibbons/rd/.virtualenvs/rd-front-end/bin/npm" "run" "commit"
23 error node v7.7.4
24 error npm  v4.1.2
25 error code ELIFECYCLE
26 error starwars-names@0.0.0-semantically-released commit: `git-cz`
26 error Exit status 1
27 error Failed at the starwars-names@0.0.0-semantically-released commit script 'git-cz'.
27 error Make sure you have the latest version of node.js and npm installed.
27 error If you do, this is most likely a problem with the starwars-names package,
27 error not with npm itself.
27 error Tell the author that this fails on your system:
27 error     git-cz
27 error You can get information on how to open an issue for this project with:
27 error     npm bugs starwars-names
27 error Or if that isn't available, you can get their info via:
27 error     npm owner ls starwars-names
27 error There is likely additional logging output above.
28 verbose exit [ 1, true ]
